[debug] [2025-06-23T13:20:25.221Z] ----------------------------------------------------------------------
[debug] [2025-06-23T13:20:25.230Z] Command:       C:\Program Files\nodejs\node.exe C:\Users\Jyotishna\AppData\Roaming\npm\node_modules\firebase-tools\lib\bin\firebase.js init
[debug] [2025-06-23T13:20:25.231Z] CLI Version:   14.8.0
[debug] [2025-06-23T13:20:25.231Z] Platform:      win32
[debug] [2025-06-23T13:20:25.231Z] Node Version:  v22.16.0
[debug] [2025-06-23T13:20:25.232Z] Time:          Mon Jun 23 2025 18:50:25 GMT+0530 (India Standard Time)
[debug] [2025-06-23T13:20:25.233Z] ----------------------------------------------------------------------
[debug] 
[debug] [2025-06-23T13:20:25.238Z] >>> [apiv2][query] GET https://firebase-public.firebaseio.com/cli.json [none]
[debug] [2025-06-23T13:20:25.386Z] > command requires scopes: ["email","openid","https://www.googleapis.com/auth/cloudplatformprojects.readonly","https://www.googleapis.com/auth/firebase","https://www.googleapis.com/auth/cloud-platform"]
[debug] [2025-06-23T13:20:25.387Z] > authorizing via signed-in user (mangalnath123k@gmail.com)
[info] 
     ######## #### ########  ######## ########     ###     ######  ########
     ##        ##  ##     ## ##       ##     ##  ##   ##  ##       ##
     ######    ##  ########  ######   ########  #########  ######  ######
     ##        ##  ##    ##  ##       ##     ## ##     ##       ## ##
     ##       #### ##     ## ######## ########  ##     ##  ######  ########

You're about to initialize a Firebase project in this directory:

  C:\Users\Jyotishna\Desktop\Mangal\YourDigitalFlow

[debug] [2025-06-23T13:20:26.149Z] <<< [apiv2][status] GET https://firebase-public.firebaseio.com/cli.json 200
[debug] [2025-06-23T13:20:26.151Z] <<< [apiv2][body] GET https://firebase-public.firebaseio.com/cli.json {"cloudBuildErrorAfter":1594252800000,"cloudBuildWarnAfter":1590019200000,"defaultNode10After":1594252800000,"minVersion":"3.0.5","node8DeploysDisabledAfter":1613390400000,"node8RuntimeDisabledAfter":1615809600000,"node8WarnAfter":1600128000000}
[info] 
=== Project Setup
[info] 
[info] First, let's associate this project directory with a Firebase project.
[info] You can create multiple project aliases by running firebase use --add, 
[info] but for now we'll just set up a default project.
[info] 
[debug] [2025-06-23T13:21:41.960Z] Checked if tokens are valid: false, expires at: 1748977326629
[debug] [2025-06-23T13:21:41.960Z] Checked if tokens are valid: false, expires at: 1748977326629
[debug] [2025-06-23T13:21:41.961Z] > refreshing access token with scopes: []
[debug] [2025-06-23T13:21:41.963Z] >>> [apiv2][query] POST https://www.googleapis.com/oauth2/v3/token [none]
[debug] [2025-06-23T13:21:41.964Z] >>> [apiv2][body] POST https://www.googleapis.com/oauth2/v3/token [omitted]
[debug] [2025-06-23T13:21:42.167Z] <<< [apiv2][status] POST https://www.googleapis.com/oauth2/v3/token 200
[debug] [2025-06-23T13:21:42.168Z] <<< [apiv2][body] POST https://www.googleapis.com/oauth2/v3/token [omitted]
[debug] [2025-06-23T13:21:42.185Z] >>> [apiv2][query] GET https://firebase.googleapis.com/v1beta1/projects pageSize=100
[debug] [2025-06-23T13:21:43.246Z] <<< [apiv2][status] GET https://firebase.googleapis.com/v1beta1/projects 200
[debug] [2025-06-23T13:21:43.246Z] <<< [apiv2][body] GET https://firebase.googleapis.com/v1beta1/projects [omitted]
[info] i  Using project connectchat-d3713 (connectchat) 
[info] 
=== Hosting Setup
[debug] [2025-06-23T13:21:55.649Z] Checked if tokens are valid: true, expires at: 1750688501168
[debug] [2025-06-23T13:21:55.649Z] Checked if tokens are valid: true, expires at: 1750688501168
[debug] [2025-06-23T13:21:55.650Z] >>> [apiv2][query] GET https://firebase.googleapis.com/v1beta1/projects/connectchat-d3713 [none]
[debug] [2025-06-23T13:21:56.161Z] <<< [apiv2][status] GET https://firebase.googleapis.com/v1beta1/projects/connectchat-d3713 200
[debug] [2025-06-23T13:21:56.161Z] <<< [apiv2][body] GET https://firebase.googleapis.com/v1beta1/projects/connectchat-d3713 {"projectId":"connectchat-d3713","projectNumber":"393420495514","displayName":"connectchat","name":"projects/connectchat-d3713","resources":{"hostingSite":"connectchat-d3713","realtimeDatabaseInstance":"connectchat-d3713-default-rtdb"},"state":"ACTIVE","etag":"1_c7aa5666-5460-4018-961b-e2a8094fb469"}
[info] 
[info] Your public directory is the folder (relative to your project directory) that
[info] will contain Hosting assets to be uploaded with firebase deploy. If you
[info] have a build process for your assets, use your build's output directory.
[info] 
[debug] [2025-06-23T13:22:15.390Z] >>> [apiv2][query] GET https://www.gstatic.com/firebasejs/releases.json [none]
[debug] [2025-06-23T13:22:15.492Z] <<< [apiv2][status] GET https://www.gstatic.com/firebasejs/releases.json 200
[debug] [2025-06-23T13:22:15.492Z] <<< [apiv2][body] GET https://www.gstatic.com/firebasejs/releases.json {"current":{"version":"11.9.1","browserURL":"https://www.gstatic.com/firebasejs/11.9.1/firebase.js","packageURL":"https://www.gstatic.com/firebasejs/11.9.1/firebase.tgz"},"live":{"version":"11.9","browserURL":"https://www.gstatic.com/firebasejs/live/11.9/firebase.js","packageURL":"https://www.gstatic.com/firebasejs/live/11.9/firebase.tgz"},"components":{"ai":"https://www.gstatic.com/firebasejs/11.9.1/firebase-ai.js","analytics":"https://www.gstatic.com/firebasejs/11.9.1/firebase-analytics.js","app":"https://www.gstatic.com/firebasejs/11.9.1/firebase-app.js","app-check":"https://www.gstatic.com/firebasejs/11.9.1/firebase-app-check.js","auth":"https://www.gstatic.com/firebasejs/11.9.1/firebase-auth.js","auth/cordova":"https://www.gstatic.com/firebasejs/11.9.1/firebase-auth/cordova.js","auth/web-extension":"https://www.gstatic.com/firebasejs/11.9.1/firebase-auth/web-extension.js","functions":"https://www.gstatic.com/firebasejs/11.9.1/firebase-functions.js","firestore":"https://www.gstatic.com/firebasejs/11.9.1/firebase-firestore.js","firestore/lite":"https://www.gstatic.com/firebasejs/11.9.1/firebase-firestore/lite.js","installations":"https://www.gstatic.com/firebasejs/11.9.1/firebase-installations.js","storage":"https://www.gstatic.com/firebasejs/11.9.1/firebase-storage.js","performance":"https://www.gstatic.com/firebasejs/11.9.1/firebase-performance.js","remote-config":"https://www.gstatic.com/firebasejs/11.9.1/firebase-remote-config.js","messaging":"https://www.gstatic.com/firebasejs/11.9.1/firebase-messaging.js","messaging/sw":"https://www.gstatic.com/firebasejs/11.9.1/firebase-messaging/sw.js","database":"https://www.gstatic.com/firebasejs/11.9.1/firebase-database.js","vertexai":"https://www.gstatic.com/firebasejs/11.9.1/firebase-vertexai.js","data-connect":"https://www.gstatic.com/firebasejs/11.9.1/firebase-data-connect.js","firestore.memory":"https://www.gstatic.com/firebasejs/11.9.1/firebase-firestore.memory.js"}}
[info] i  Skipping write of public/index.html 
[info] 
[info] i  Didn't detect a .git folder. Assuming C:\Users\Jyotishna\Desktop\Mangal\YourDigitalFlow is the project root. 
[info] i  Authorizing with GitHub to upload your service account to a GitHub repository's secrets store. 
[info] 
[info] Visit this URL on this device to log in:
[info] https://github.com/login/oauth/authorize?client_id=89cf50f02ac6aaed3484&state=695270906&redirect_uri=http%3A%2F%2Flocalhost%3A9005&scope=read%3Auser%20repo%20public_repo
[info] 
[info] Waiting for authentication...
[debug] [2025-06-23T13:22:31.659Z] >>> [apiv2][query] POST https://github.com/login/oauth/access_token [none]
[debug] [2025-06-23T13:22:31.659Z] >>> [apiv2][body] POST https://github.com/login/oauth/access_token [stream]
[debug] [2025-06-23T13:22:32.259Z] <<< [apiv2][status] POST https://github.com/login/oauth/access_token 200
[debug] [2025-06-23T13:22:32.259Z] <<< [apiv2][body] POST https://github.com/login/oauth/access_token {"access_token":"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","token_type":"bearer","scope":"read:user,repo"}
[debug] [2025-06-23T13:22:32.276Z] >>> [apiv2][query] GET https://api.github.com/user [none]
[debug] [2025-06-23T13:22:32.829Z] <<< [apiv2][status] GET https://api.github.com/user 200
[debug] [2025-06-23T13:22:32.830Z] <<< [apiv2][body] GET https://api.github.com/user {"login":"MangalNathYadav","id":68454356,"node_id":"MDQ6VXNlcjY4NDU0MzU2","avatar_url":"https://avatars.githubusercontent.com/u/68454356?v=4","gravatar_id":"","url":"https://api.github.com/users/MangalNathYadav","html_url":"https://github.com/MangalNathYadav","followers_url":"https://api.github.com/users/MangalNathYadav/followers","following_url":"https://api.github.com/users/MangalNathYadav/following{/other_user}","gists_url":"https://api.github.com/users/MangalNathYadav/gists{/gist_id}","starred_url":"https://api.github.com/users/MangalNathYadav/starred{/owner}{/repo}","subscriptions_url":"https://api.github.com/users/MangalNathYadav/subscriptions","organizations_url":"https://api.github.com/users/MangalNathYadav/orgs","repos_url":"https://api.github.com/users/MangalNathYadav/repos","events_url":"https://api.github.com/users/MangalNathYadav/events{/privacy}","received_events_url":"https://api.github.com/users/MangalNathYadav/received_events","type":"User","user_view_type":"private","site_admin":false,"name":"MG Hacker","company":"Hack Devs","blog":"https://hackdevs.netlify.app","location":"Kanpur, Uttar Pradesh, India","email":null,"hireable":null,"bio":"💻MG Hacker on POWER...\r\n>>Hack Mode ON\r\nAll will see Power 🙂\r\nTime to awake\r\nWait and watch..\r\n[Web Developer] [Programmar] [Hacker] [Pentester] [Graphic Dev","twitter_username":null,"notification_email":null,"public_repos":21,"public_gists":0,"followers":24,"following":29,"created_at":"2020-07-18T03:31:49Z","updated_at":"2025-06-14T11:54:16Z","private_gists":0,"total_private_repos":7,"owned_private_repos":7,"disk_usage":1084294,"collaborators":1,"two_factor_authentication":true,"plan":{"name":"pro","space":976562499,"collaborators":0,"private_repos":9999}}
[info] 
[info] +  Success! Logged into GitHub as MangalNathYadav 
[info] 
[debug] [2025-06-23T13:22:55.577Z] >>> [apiv2][query] GET https://api.github.com/repos//actions/secrets/public-key type=owner
[debug] [2025-06-23T13:22:55.990Z] <<< [apiv2][status] GET https://api.github.com/repos//actions/secrets/public-key 404
[debug] [2025-06-23T13:22:55.990Z] <<< [apiv2][body] GET https://api.github.com/repos//actions/secrets/public-key {"message":"Not Found","documentation_url":"https://docs.github.com/rest","status":"404"}
[info] 
[info] 
[error] !  The provided authorization cannot be used with this repository. If this repository is in an organization, did you remember to grant access? 
[info] 
[info] i  Action required: Visit this URL to ensure access has been granted to the appropriate organization(s) for the Firebase CLI GitHub OAuth App: 
[info] https://github.com/settings/connections/applications/89cf50f02ac6aaed3484
[info] 
[debug] [2025-06-23T13:23:29.210Z] >>> [apiv2][query] GET https://api.github.com/repos/MangalNathYadav/YourDigitalFlow/actions/secrets/public-key type=owner
[debug] [2025-06-23T13:23:29.661Z] <<< [apiv2][status] GET https://api.github.com/repos/MangalNathYadav/YourDigitalFlow/actions/secrets/public-key 404
[debug] [2025-06-23T13:23:29.661Z] <<< [apiv2][body] GET https://api.github.com/repos/MangalNathYadav/YourDigitalFlow/actions/secrets/public-key {"message":"Not Found","documentation_url":"https://docs.github.com/rest/actions/secrets#get-a-repository-public-key","status":"404"}
[info] 
[info] 
[error] !  The provided authorization cannot be used with this repository. If this repository is in an organization, did you remember to grant access? 
[info] 
[info] i  Action required: Visit this URL to ensure access has been granted to the appropriate organization(s) for the Firebase CLI GitHub OAuth App: 
[info] https://github.com/settings/connections/applications/89cf50f02ac6aaed3484
[info] 
[debug] [2025-06-23T13:23:33.270Z] >>> [apiv2][query] GET https://api.github.com/repos/MangalNathYadav/YourDigitalFlow/actions/secrets/public-key type=owner
[debug] [2025-06-23T13:23:33.558Z] <<< [apiv2][status] GET https://api.github.com/repos/MangalNathYadav/YourDigitalFlow/actions/secrets/public-key 404
[debug] [2025-06-23T13:23:33.559Z] <<< [apiv2][body] GET https://api.github.com/repos/MangalNathYadav/YourDigitalFlow/actions/secrets/public-key {"message":"Not Found","documentation_url":"https://docs.github.com/rest/actions/secrets#get-a-repository-public-key","status":"404"}
[info] 
[info] 
[error] !  The provided authorization cannot be used with this repository. If this repository is in an organization, did you remember to grant access? 
[info] 
[info] i  Action required: Visit this URL to ensure access has been granted to the appropriate organization(s) for the Firebase CLI GitHub OAuth App: 
[info] https://github.com/settings/connections/applications/89cf50f02ac6aaed3484
[info] 
